GAS LISTING ipl.s 			page 1


   1              	# initial program loader    
   2              	    .code16
   3              	
   4              	    # ORG は不要 リンカでやる
   5              	
   6 0000 EB4E     	    jmp entry # .byte 0xeb, 0x4e のかわり？
   7 0002 90       	    .byte 0x90 # ?
   8 0003 53415249 	    .ascii "SARISIA " # boot sector name
   8      53494120 
   9 000b 0002     	    .word 512 # BPB_BytePerSec
  10 000d 01       	    .byte 1 # BPB_SecPerClus
  11 000e 0100     	    .word 1 # BPB_RsvdSecCnt 予約領域セクタ数 ブートセクタ含む
  12 0010 02       	    .byte 2 # BPB_NumFATs
  13 0011 E000     	    .word 224 # root directory size
  14 0013 400B     	    .word 2880 # drive size
  15 0015 F0       	    .byte 0xf0 # BPB_Media
  16 0016 0900     	    .word 9 # BPB_FATSz16 (sector)
  17 0018 1200     	    .word 18 # sectors per track
  18 001a 0200     	    .word 2 # head nums
  19 001c 00000000 	    .int 0 # partition nums
  20 0020 400B0000 	    .int 2880 # drive size
  21 0024 000029   	    .byte 0, 0, 0x29 # BS_DrvNum, BS_Reserved1, BS_BootSig
  22 0027 FFFFFFFF 	    .int 0xffffffff # BS_VolID
  23 002b 48454C4C 	    .ascii "HELLOOS    " # disk name
  23      4F4F5320 
  23      202020
  24 0036 46415431 	    .ascii "FAT12   " # format name
  24      32202020 
  25 003e 00000000 	    .skip 18 # BS_BootCode begin
  25      00000000 
  25      00000000 
  25      00000000 
  25      0000
  26              	
  27              	entry:
  28              	    # init registers
  29 0050 B80000   	    mov $0, %ax # ax: 16bit accumulator register
  30 0053 8ED0     	    mov %ax, %ss # ss: 16bit stack segment register
  31 0055 BC007C   	    mov $0x7c00, %sp # sp: 16bit stack pointer
  32 0058 8ED8     	    mov %ax, %ds # ds: 16bit data segment
  33 005a 8EC0     	    mov %ax, %es # es: 16bit extra segment
  34              	
  35 005c BE0000   	    mov $msg, %si # si: 16bit source index
  36              	putloop:
  37 005f 8A04     	    mov (%si), %al # al: 8bit accumulator low
  38 0061 83C601   	    add $1, %si
  39 0064 3C00     	    cmp $0, %al # cmp overwrites flag register  # if %al is 0, stop output chars
  40 0066 740A     	    je fin
  41 0068 B40E     	    mov $0x0e, %ah # 8bit ah: accumlator high # bios output char function
  42 006a 8B1E0F00 	    mov 15, %bx # bx: 16bit base register
  43 006e CD10     	    int $0x10 # bios interrupt call???
  44 0070 EBED     	    jmp putloop
  45              	fin:
  46 0072 F4       	    hlt # ring level 0???
  47 0073 EBFD     	    jmp fin
  48              	
  49              	msg:
GAS LISTING ipl.s 			page 2


  50 0075 0A0A     	    .ascii "\n\n"
  51 0077 68656C6C 	    .ascii "hello, sarisia"
  51      6F2C2073 
  51      61726973 
  51      6961
  52 0085 0A00     	    .asciz "\n" # https://sourceware.org/binutils/docs/as/Asciz.html#Asciz
  53              	
  54 0087 00000000 	    .org 0x01fe # 0x7dfe ではない
  54      00000000 
  54      00000000 
  54      00000000 
  54      00000000 
  55 01fe 55AA     	    .byte 0x55, 0xaa # BS_BootSign
GAS LISTING ipl.s 			page 3


DEFINED SYMBOLS
               ipl.s:27     .text:0000000000000050 entry
               ipl.s:49     .text:0000000000000075 msg
               ipl.s:36     .text:000000000000005f putloop
               ipl.s:45     .text:0000000000000072 fin

NO UNDEFINED SYMBOLS
