GAS LISTING asmfunc.s 			page 1


   1              	.code32
   2              	
   3              	# .text # ãƒªãƒ³ã‚«ã§ .text ã¯ãƒã‚¤ãƒŠãƒªã«çªã£è¾¼ã¾ã‚Œã‚‹
   4              	.global _io_hlt # _io_hlt ã‚’éœ²å‡ºã•ã›ãªã„ã¨ãƒªãƒ³ã‚«ãŒ bootpack.c ã§ã®å‘¼ã³å‡ºã—ã¨ãã
   5              	_io_hlt:
   6 0000 F4       	    hlt
   7 0001 C3       	    ret
   8              	
   9              	; .global _write_mem8
  10              	; _write_mem8:
  11 0002 8B4C2404 	;     mov 4(%esp), %ecx # addr
  12 0006 8A442408 	;     mov 8(%esp), %al # data
  13 000a 8801     	;     mov %al, (%ecx)
  14 000c C3       	;     ret
GAS LISTING asmfunc.s 			page 2


DEFINED SYMBOLS
           asmfunc.s:5      .text:0000000000000000 _io_hlt
           asmfunc.s:10     .text:0000000000000002 _write_mem8

NO UNDEFINED SYMBOLS
