GAS LISTING ipl.s 			page 1


   1              	# initial program loader    
   2              	    .code16
   3              	
   4              	    # ORG „ÅØ‰∏çË¶Å „É™„É≥„Ç´„Åß„ÇÑ„Çã
   5              	
   6 0000 EB4E     	    jmp entry # .byte 0xeb, 0x4e „ÅÆ„Åã„Çè„ÇäÔºü
   7 0002 90       	    .byte 0x90 # ?
   8 0003 53415249 	    .ascii "SARISIA " # boot sector name
   8      53494120 
   9 000b 0002     	    .word 512 # BPB_BytePerSec
  10 000d 01       	    .byte 1 # BPB_SecPerClus
  11 000e 0100     	    .word 1 # BPB_RsvdSecCnt ‰∫àÁ¥ÑÈ†òÂüü„Çª„ÇØ„ÇøÊï∞ „Éñ„Éº„Éà„Çª„ÇØ„ÇøÂê´„ÇÄ
  12 0010 02       	    .byte 2 # BPB_NumFATs
  13 0011 E000     	    .word 224 # root directory size
  14 0013 400B     	    .word 2880 # drive size
  15 0015 F0       	    .byte 0xf0 # BPB_Media
  16 0016 0900     	    .word 9 # BPB_FATSz16 (sector)
  17 0018 1200     	    .word 18 # sectors per track
  18 001a 0200     	    .word 2 # head nums
  19 001c 00000000 	    .int 0 # partition nums
  20 0020 400B0000 	    .int 2880 # drive size
  21 0024 000029   	    .byte 0, 0, 0x29 # BS_DrvNum, BS_Reserved1, BS_BootSig
  22 0027 FFFFFFFF 	    .int 0xffffffff # BS_VolID
  23 002b 48454C4C 	    .ascii "HELLOOS    " # disk name
  23      4F4F5320 
  23      202020
  24 0036 46415431 	    .ascii "FAT12   " # format name
  24      32202020 
  25 003e 00000000 	    .skip 18 # BS_BootCode begin
  25      00000000 
  25      00000000 
  25      00000000 
  25      0000
  26              	
  27              	entry:
  28              	    # init registers
  29 0050 B80000   	    mov $0, %ax # ax: 16bit accumulator register
  30 0053 8ED0     	    mov %ax, %ss # ss: 16bit stack segment register
  31 0055 BC007C   	    mov $0x7c00, %sp # sp: 16bit stack pointer
  32 0058 8ED8     	    mov %ax, %ds # ds: 16bit data segment
  33              	
  34              	# call BIOS to read disk
  35 005a B82008   	    mov $0x0820, %ax
  36 005d 8EC0     	    mov %ax, %es # es: 16bit extra segment
  37 005f B500     	    mov $0, %ch # ch: 8bit counter high # „Ç∑„É™„É≥„ÉÄ0 (ÊúÄ„ÇÇÂ§ñÂë®)
  38 0061 B600     	    mov $0, %dh # dh: 8bit data high # „Éò„ÉÉ„Éâ0 (Ë°®)
  39 0063 B102     	    mov $2, %cl # cl: 8bit counter low # „Çª„ÇØ„Çø2 („Çª„ÇØ„Çø1„ÅØIPL„ÄÅ„Å§„Åæ„Çä„Åì„Çå „Çª„ÇØ„Çø„Ç
  40              	
  41              	# harib00b
  42 0065 BE0000   	    mov $0, %si # fail counter
  43              	retry:
  44 0068 B402     	    mov $0x02, %ah # disk read
  45 006a B001     	    mov $1, %al # num of sectors to process
  46 006c BB0000   	    mov $0, %bx # buffer address?
  47 006f B200     	    mov $0x00, %dl # dl: 8bit data low
  48 0071 CD13     	    int $0x13 # BIOS: disk
  49              	
GAS LISTING ipl.s 			page 2


  50              	    # success
  51 0073 7310     	    jnc fin # bios returns CF=0 if success else CF=1
  52              	
  53              	    # fail
  54 0075 83C601   	    add $1, %si
  55 0078 83FE05   	    cmp $5, %si # flag: o..szapc
  56 007b 730B     	    jae error # jump above or equal
  57              	
  58              	    # call BIOS to reset
  59 007d B400     	    mov $0x00, %ah # reset
  60 007f B200     	    mov $0x00, %dl # drive index (fda)
  61 0081 CD13     	    int $0x13 # BIOS: disk
  62 0083 EBE3     	    jmp retry
  63              	
  64              	fin:
  65 0085 F4       	    hlt # ring level 0???
  66 0086 EBFD     	    jmp fin
  67              	
  68              	error:
  69 0088 BE0000   	    mov $msg, %si
  70              	putloop:
  71 008b 8A04     	    mov (%si), %al # al: 8bit accumulator low
  72 008d 83C601   	    add $1, %si
  73 0090 3C00     	    cmp $0, %al # cmp overwrites flag register  # if %al is 0, stop output chars
  74 0092 74F1     	    je fin
  75 0094 B40E     	    mov $0x0e, %ah # 8bit ah: accumlator high # bios output char function
  76 0096 8B1E0F00 	    mov 15, %bx # bx: 16bit base register
  77 009a CD10     	    int $0x10 # bios interrupt call???
  78 009c EBED     	    jmp putloop
  79              	
  80              	msg:
  81 009e 0A0A     	    .ascii "\n\n"
  82 00a0 6C6F6164 	    .ascii "load error!"
  82      20657272 
  82      6F7221
  83 00ab 0A00     	    .asciz "\n" # https://sourceware.org/binutils/docs/as/Asciz.html#Asciz
  84              	
  85              	# finalize boot sector
  86 00ad 00000000 	    .org 0x01fe # 0x7dfe „Åß„ÅØ„Å™„ÅÑ
  86      00000000 
  86      00000000 
  86      00000000 
  86      00000000 
  87 01fe 55AA     	    .byte 0x55, 0xaa # BS_BootSign
GAS LISTING ipl.s 			page 3


DEFINED SYMBOLS
               ipl.s:27     .text:0000000000000050 entry
               ipl.s:43     .text:0000000000000068 retry
               ipl.s:64     .text:0000000000000085 fin
               ipl.s:68     .text:0000000000000088 error
               ipl.s:80     .text:000000000000009e msg
               ipl.s:70     .text:000000000000008b putloop

NO UNDEFINED SYMBOLS
